<?xml version="1.0" encoding="UTF-8"?>
<!-- Generated by org.testng.reporters.JUnitReportReporter -->
<testsuite hostname="DESKTOP-6FQQ1FF" failures="0" tests="1" name="pageObjectModelTest.LoginTest" time="6.595" errors="0" timestamp="2023-10-02T01:10:30 EDT" skipped="0">
  <testcase classname="pageObjectModelTest.LoginTest" name="loginTest" time="6.595"/>
  <system-out/>
</testsuite> <!-- pageObjectModelTest.LoginTest -->
