<?xml version="1.0" encoding="UTF-8"?>
<!-- Generated by org.testng.reporters.JUnitReportReporter -->
<testsuite hostname="DESKTOP-6FQQ1FF" failures="0" tests="1" name="com.facebook.LoginTest" time="3.784" errors="0" timestamp="2023-09-16T23:58:05 EDT" skipped="0">
  <testcase classname="com.facebook.LoginTest" name="openApplication" time="3.784"/>
  <system-out/>
</testsuite> <!-- com.facebook.LoginTest -->
